2022-05-23 11:32:52,180 |           flt.pandoc |    ERROR | Traceback (most recent call last):
  File "/usr/local/lib/python3.8/dist-packages/foliant/backends/pandoc.py", line 296, in _build_flat
    run(command, shell=True, check=True, stdout=PIPE, stderr=STDOUT)
  File "/usr/lib/python3.8/subprocess.py", line 512, in run
    raise CalledProcessError(retcode, process.args,
subprocess.CalledProcessError: Command 'pandoc --output "Stingray-2022-05-23.docx"    -f markdown __folianttmp__/__all__.md' returned non-zero exit status 1.

During handling of the above exception, another exception occurred:

Traceback (most recent call last):
  File "/usr/local/lib/python3.8/dist-packages/foliant/utils.py", line 158, in spinner
    yield
  File "/usr/local/lib/python3.8/dist-packages/foliant/backends/pandoc.py", line 382, in make
    result.append(self._build_flat(target))
  File "/usr/local/lib/python3.8/dist-packages/foliant/backends/pandoc.py", line 301, in _build_flat
    raise RuntimeError(f'Build failed: {exception.output.decode()}')
RuntimeError: Build failed: [WARNING] Could not fetch resource '/usr/src/app/ug/img/1.png': PandocIOError "/usr/src/app/ug/img/1.png" /usr/src/app/ug/img/1.png: openBinaryFile: does not exist (No such file or directory)
[WARNING] Could not fetch resource '/usr/src/app/ug/img/2.png': PandocIOError "/usr/src/app/ug/img/2.png" /usr/src/app/ug/img/2.png: openBinaryFile: does not exist (No such file or directory)
[WARNING] Could not fetch resource '/usr/src/app/ug/img/3.png': PandocIOError "/usr/src/app/ug/img/3.png" /usr/src/app/ug/img/3.png: openBinaryFile: does not exist (No such file or directory)
[WARNING] Could not fetch resource '/usr/src/app/ug/img/4.png': PandocIOError "/usr/src/app/ug/img/4.png" /usr/src/app/ug/img/4.png: openBinaryFile: does not exist (No such file or directory)
[WARNING] Could not fetch resource '/usr/src/app/ug/img/18.png': PandocIOError "/usr/src/app/ug/img/18.png" /usr/src/app/ug/img/18.png: openBinaryFile: does not exist (No such file or directory)
[WARNING] Could not fetch resource '/usr/src/app/ug/img/19.png': PandocIOError "/usr/src/app/ug/img/19.png" /usr/src/app/ug/img/19.png: openBinaryFile: does not exist (No such file or directory)
[WARNING] Could not fetch resource '/usr/src/app/ug/img/20.png': PandocIOError "/usr/src/app/ug/img/20.png" /usr/src/app/ug/img/20.png: openBinaryFile: does not exist (No such file or directory)
[WARNING] Could not fetch resource '/usr/src/app/ug/img/21.png': PandocIOError "/usr/src/app/ug/img/21.png" /usr/src/app/ug/img/21.png: openBinaryFile: does not exist (No such file or directory)
[WARNING] Could not fetch resource '/usr/src/app/ug/img/22.png': PandocIOError "/usr/src/app/ug/img/22.png" /usr/src/app/ug/img/22.png: openBinaryFile: does not exist (No such file or directory)
[WARNING] Could not fetch resource '/usr/src/app/ug/img/23.png': PandocIOError "/usr/src/app/ug/img/23.png" /usr/src/app/ug/img/23.png: openBinaryFile: does not exist (No such file or directory)
[WARNING] Could not fetch resource '/usr/src/app/ug/img/24.png': PandocIOError "/usr/src/app/ug/img/24.png" /usr/src/app/ug/img/24.png: openBinaryFile: does not exist (No such file or directory)
[WARNING] Could not fetch resource '/usr/src/app/ug/img/25.png': PandocIOError "/usr/src/app/ug/img/25.png" /usr/src/app/ug/img/25.png: openBinaryFile: does not exist (No such file or directory)
[WARNING] Could not fetch resource '/usr/src/app/ug/img/26.png': PandocIOError "/usr/src/app/ug/img/26.png" /usr/src/app/ug/img/26.png: openBinaryFile: does not exist (No such file or directory)
[WARNING] Could not fetch resource '/usr/src/app/ug/img/27.png': PandocIOError "/usr/src/app/ug/img/27.png" /usr/src/app/ug/img/27.png: openBinaryFile: does not exist (No such file or directory)
[WARNING] Could not fetch resource './img/swith_on.png': PandocResourceNotFound "./img/swith_on.png"
[WARNING] Could not fetch resource './img/swith_on.png': PandocResourceNotFound "./img/swith_on.png"
[WARNING] Could not fetch resource './/img/swith_on.png': PandocResourceNotFound ".//img/swith_on.png"
[WARNING] Could not fetch resource '/usr/src/app/ug/img/swith_off.png': PandocIOError "/usr/src/app/ug/img/swith_off.png" /usr/src/app/ug/img/swith_off.png: openBinaryFile: does not exist (No such file or directory)
[WARNING] Could not fetch resource './img/swith_on.png': PandocResourceNotFound "./img/swith_on.png"
[WARNING] Could not fetch resource '/usr/src/app/ug/img/64.png': PandocIOError "/usr/src/app/ug/img/64.png" /usr/src/app/ug/img/64.png: openBinaryFile: does not exist (No such file or directory)
[WARNING] Could not fetch resource '/usr/src/app/ug/img/!.png': PandocIOError "/usr/src/app/ug/img/!.png" /usr/src/app/ug/img/!.png: openBinaryFile: does not exist (No such file or directory)
[WARNING] Could not fetch resource '/usr/src/app/ug/img/circle!.png': PandocIOError "/usr/src/app/ug/img/circle!.png" /usr/src/app/ug/img/circle!.png: openBinaryFile: does not exist (No such file or directory)
[WARNING] Could not fetch resource '../ug/img/grfiter.png': PandocResourceNotFound "../ug/img/grfiter.png"
[WARNING] Could not fetch resource '/usr/src/app/ug/img/bluefilter.png': PandocIOError "/usr/src/app/ug/img/bluefilter.png" /usr/src/app/ug/img/bluefilter.png: openBinaryFile: does not exist (No such file or directory)
[WARNING] Could not fetch resource '/usr/src/app/ug/img/65.png': PandocIOError "/usr/src/app/ug/img/65.png" /usr/src/app/ug/img/65.png: openBinaryFile: does not exist (No such file or directory)
[WARNING] Could not fetch resource '/usr/src/app/ug/img/bluefilter.png': PandocIOError "/usr/src/app/ug/img/bluefilter.png" /usr/src/app/ug/img/bluefilter.png: openBinaryFile: does not exist (No such file or directory)
[WARNING] Could not fetch resource '/usr/src/app/ug/img/66.png': PandocIOError "/usr/src/app/ug/img/66.png" /usr/src/app/ug/img/66.png: openBinaryFile: does not exist (No such file or directory)
[WARNING] Could not fetch resource '/usr/src/app/ug/img/3dv.png': PandocIOError "/usr/src/app/ug/img/3dv.png" /usr/src/app/ug/img/3dv.png: openBinaryFile: does not exist (No such file or directory)
[WARNING] Could not fetch resource '/usr/src/app/ug/img/67.png': PandocIOError "/usr/src/app/ug/img/67.png" /usr/src/app/ug/img/67.png: openBinaryFile: does not exist (No such file or directory)
[WARNING] Could not fetch resource '/usr/src/app/ug/img/3dv.png': PandocIOError "/usr/src/app/ug/img/3dv.png" /usr/src/app/ug/img/3dv.png: openBinaryFile: does not exist (No such file or directory)
[WARNING] Could not fetch resource '/usr/src/app/ug/img/68.png': PandocIOError "/usr/src/app/ug/img/68.png" /usr/src/app/ug/img/68.png: openBinaryFile: does not exist (No such file or directory)
[WARNING] Could not fetch resource '/usr/src/app/ug/img/69.png': PandocIOError "/usr/src/app/ug/img/69.png" /usr/src/app/ug/img/69.png: openBinaryFile: does not exist (No such file or directory)
[WARNING] Could not fetch resource '../ug/img/grfiter.png': PandocResourceNotFound "../ug/img/grfiter.png"
[WARNING] Could not fetch resource '../ug/img/grfiter.png': PandocResourceNotFound "../ug/img/grfiter.png"
[WARNING] Could not fetch resource '../ug/img/bluefilter.png': PandocResourceNotFound "../ug/img/bluefilter.png"
[WARNING] Could not fetch resource '/usr/src/app/ug/img/bluefilter.png': PandocIOError "/usr/src/app/ug/img/bluefilter.png" /usr/src/app/ug/img/bluefilter.png: openBinaryFile: does not exist (No such file or directory)
[WARNING] Could not fetch resource '/usr/src/app/ug/img/70.png': PandocIOError "/usr/src/app/ug/img/70.png" /usr/src/app/ug/img/70.png: openBinaryFile: does not exist (No such file or directory)
[WARNING] Could not fetch resource '/usr/src/app/ug/img/71.png': PandocIOError "/usr/src/app/ug/img/71.png" /usr/src/app/ug/img/71.png: openBinaryFile: does not exist (No such file or directory)
[WARNING] Could not fetch resource '/usr/src/app/ug/img/player.png': PandocIOError "/usr/src/app/ug/img/player.png" /usr/src/app/ug/img/player.png: openBinaryFile: does not exist (No such file or directory)
[WARNING] Could not fetch resource '/usr/src/app/ug/img/72.png': PandocIOError "/usr/src/app/ug/img/72.png" /usr/src/app/ug/img/72.png: openBinaryFile: does not exist (No such file or directory)
[WARNING] Could not fetch resource '/usr/src/app/ug/img/73.png': PandocIOError "/usr/src/app/ug/img/73.png" /usr/src/app/ug/img/73.png: openBinaryFile: does not exist (No such file or directory)
[WARNING] Could not fetch resource '/usr/src/app/ug/img/74.png': PandocIOError "/usr/src/app/ug/img/74.png" /usr/src/app/ug/img/74.png: openBinaryFile: does not exist (No such file or directory)
[WARNING] Could not fetch resource '/usr/src/app/ug/img/75.png': PandocIOError "/usr/src/app/ug/img/75.png" /usr/src/app/ug/img/75.png: openBinaryFile: does not exist (No such file or directory)
[WARNING] Could not fetch resource '/usr/src/app/ug/img/76.png': PandocIOError "/usr/src/app/ug/img/76.png" /usr/src/app/ug/img/76.png: openBinaryFile: does not exist (No such file or directory)
[WARNING] Could not fetch resource '/usr/src/app/ug/img/77.png': PandocIOError "/usr/src/app/ug/img/77.png" /usr/src/app/ug/img/77.png: openBinaryFile: does not exist (No such file or directory)
[WARNING] Could not fetch resource '/usr/src/app/ug/img/78.png': PandocIOError "/usr/src/app/ug/img/78.png" /usr/src/app/ug/img/78.png: openBinaryFile: does not exist (No such file or directory)
[WARNING] Could not fetch resource '../ug/img/redcross.png': PandocResourceNotFound "../ug/img/redcross.png"
[WARNING] Could not fetch resource '/usr/src/app/ug/img/checkmark.png': PandocIOError "/usr/src/app/ug/img/checkmark.png" /usr/src/app/ug/img/checkmark.png: openBinaryFile: does not exist (No such file or directory)
[WARNING] Could not fetch resource '/usr/src/app/ug/img/redcross.png': PandocIOError "/usr/src/app/ug/img/redcross.png" /usr/src/app/ug/img/redcross.png: openBinaryFile: does not exist (No such file or directory)
[WARNING] Could not fetch resource '/usr/src/app/ug/img/79.png': PandocIOError "/usr/src/app/ug/img/79.png" /usr/src/app/ug/img/79.png: openBinaryFile: does not exist (No such file or directory)
[WARNING] Could not fetch resource '/usr/src/app/ug/img/back.png': PandocIOError "/usr/src/app/ug/img/back.png" /usr/src/app/ug/img/back.png: openBinaryFile: does not exist (No such file or directory)
[WARNING] Could not fetch resource '/usr/src/app/ug/img/80.png': PandocIOError "/usr/src/app/ug/img/80.png" /usr/src/app/ug/img/80.png: openBinaryFile: does not exist (No such file or directory)
pandoc: Stingray-2022-05-23.docx: openBinaryFile: permission denied (Permission denied)


2022-05-23 11:32:52,268 |                  flt | CRITICAL | No result returned by backend
